<?xml version="1.0" encoding="UTF-8"?>
<!-- Generated by org.testng.reporters.JUnitReportReporter -->
<testsuite skipped="0" hostname="DESKTOP-GQ1HDIT" name="TestCases.SampleTest" tests="1" failures="0" timestamp="26 Mar 2022 06:24:16 GMT" time="0.005" errors="0">
  <testcase name="Test1" time="0.005" classname="TestCases.SampleTest"/>
</testsuite> <!-- TestCases.SampleTest -->
