<?xml version="1.0" encoding="UTF-8"?>
<!-- Generated by org.testng.reporters.JUnitReportReporter -->
<testsuite hostname="DESKTOP-GQ1HDIT" failures="0" tests="1" name="TestCases.SampleTest" time="0.013" errors="0" timestamp="2022-03-26T02:24:31 EDT" skipped="0">
  <testcase classname="TestCases.SampleTest" name="Test1" time="0.013"/>
  <system-out/>
</testsuite> <!-- TestCases.SampleTest -->
